2025-07-14T04:12:38.217Z - POST /api/send-micro-policies
2025-07-14T04:15:28.902Z - POST /api/send-micro-policies
2025-07-15T04:01:31.063Z - POST /api/send-micro-policies
2025-07-15T04:48:31.124Z - POST /api/send-micro-policies
2025-07-15T04:51:16.011Z - POST /api/send-micro-policies
2025-07-15T04:58:16.473Z - POST /api/send-micro-policies
::1 - - [15/Jul/2025:11:58:13 +0000] "POST /api/send-micro-policies HTTP/1.1" - - "-" "PostmanRuntime/7.44.1"
2025-07-16T03:48:56.673Z - POST /api/send-micro-policies
2025-07-17T03:43:01.626Z - POST /api/send-micro-policies
2025-07-20T04:20:00.028Z - POST /api/send-micro-policies
2025-07-20T05:01:21.075Z - POST /api/send-micro-policies
::1 - - [20/Jul/2025:07:19:22 +0000] "POST /api/send-micro-policies HTTP/1.1" - - "-" "PostmanRuntime/7.44.1"
2025-07-21T03:45:42.515Z - POST /api/send-micro-policies
::1 - - [21/Jul/2025:09:34:37 +0000] "POST /api/send-micro-policies HTTP/1.1" - - "-" "PostmanRuntime/7.44.1"
2025-07-22T03:48:27.680Z - POST /api/send-micro-policies
2025-07-22T03:51:27.318Z - POST /api/send-micro-policies
2025-07-22T04:10:00.887Z - POST /api/send-micro-policies
::1 - - [22/Jul/2025:11:05:01 +0000] "POST /api/send-micro-policies HTTP/1.1" - - "-" "PostmanRuntime/7.44.1"
2025-07-23T04:08:31.201Z - POST /api/send-micro-policies
2025-07-23T10:02:04.618Z - POST /api/send-micro-policies
::1 - - [23/Jul/2025:11:21:32 +0000] "POST /api/send-micro-policies HTTP/1.1" - - "-" "PostmanRuntime/7.44.1"
2025-07-24T03:34:51.465Z - POST /api/send-micro-policies
2025-07-27T03:42:19.298Z - POST /api/send-micro-policies
2025-07-27T03:43:19.374Z - POST /api/send-policies
::ffff:192.168.11.133 - - [27/Jul/2025:03:43:27 +0000] "POST /api/send-policies HTTP/1.1" 200 16594 "-" "PostmanRuntime/7.44.1"
2025-07-27T04:02:47.297Z - POST /api/send-policies
2025-07-27T04:11:43.318Z - POST /api/send-micro-policies
::1 - - [27/Jul/2025:05:31:02 +0000] "POST /api/send-micro-policies HTTP/1.1" - - "-" "PostmanRuntime/7.44.1"
2025-07-28T03:47:10.867Z - POST /api/send-policies
::ffff:192.168.11.133 - - [28/Jul/2025:10:35:15 +0000] "POST /api/send-policies HTTP/1.1" 200 6793388 "-" "PostmanRuntime/7.44.1"
2025-07-29T03:51:53.624Z - POST /api/send-policies
::ffff:192.168.11.133 - - [29/Jul/2025:03:56:22 +0000] "POST /api/send-policies HTTP/1.1" 200 48540 "-" "PostmanRuntime/7.44.1"
2025-07-29T10:11:50.414Z - POST /api/send-policies
::ffff:192.168.11.133 - - [29/Jul/2025:10:11:52 +0000] "POST /api/send-policies HTTP/1.1" 200 67 "-" "PostmanRuntime/7.44.1"
2025-07-30T03:41:08.861Z - POST /api/send-policies
::ffff:192.168.11.133 - - [30/Jul/2025:03:41:12 +0000] "POST /api/send-policies HTTP/1.1" 200 67 "-" "PostmanRuntime/7.44.1"
2025-07-30T03:41:17.428Z - POST /api/send-micro-policies
2025-07-30T03:49:49.931Z - POST /api/send-micro-policies
2025-07-30T04:05:29.475Z - POST /api/send-micro-policies
2025-07-30T04:39:22.963Z - POST /api/send-micro-policies
2025-07-31T03:49:10.868Z - POST /api/send-micro-policies
2025-07-31T04:10:46.494Z - POST /api/send-micro-policies
2025-07-31T04:13:57.482Z - POST /api/send-micro-policies
2025-07-31T05:36:29.579Z - POST /api/send-micro-policies
::1 - - [31/Jul/2025:06:48:16 +0000] "POST /api/send-micro-policies HTTP/1.1" - - "-" "PostmanRuntime/7.44.1"
2025-08-03T03:32:30.091Z - POST /api/send-micro-policies
::1 - - [03/Aug/2025:06:28:38 +0000] "POST /api/send-micro-policies HTTP/1.1" - - "-" "PostmanRuntime/7.44.1"
2025-08-04T03:45:04.917Z - POST /api/send-micro-policies
::1 - - [04/Aug/2025:09:02:21 +0000] "POST /api/send-micro-policies HTTP/1.1" - - "-" "PostmanRuntime/7.45.0"
2025-08-07T03:53:49.390Z - POST /api/send-micro-policies
2025-08-07T04:03:45.073Z - POST /api/send-micro-policies
2025-08-07T04:20:06.292Z - POST /api/send-micro-policies
::1 - - [07/Aug/2025:07:04:28 +0000] "POST /api/send-micro-policies HTTP/1.1" - - "-" "PostmanRuntime/7.45.0"
2025-08-10T06:51:39.517Z - POST /api/send-micro-policies
::1 - - [10/Aug/2025:07:20:57 +0000] "POST /api/send-micro-policies HTTP/1.1" - - "-" "PostmanRuntime/7.45.0"
2025-08-11T04:01:41.425Z - POST /api/send-micro-policies
2025-08-12T04:17:35.500Z - POST /api/send-micro-policies
2025-08-13T03:40:01.022Z - POST /api/send-micro-policies
::1 - - [13/Aug/2025:04:06:35 +0000] "POST /api/send-micro-policies HTTP/1.1" - - "-" "PostmanRuntime/7.45.0"
2025-08-14T04:03:28.309Z - POST /api/send-micro-policies
::1 - - [14/Aug/2025:04:03:29 +0000] "POST /api/send-micro-policies HTTP/1.1" 500 35 "-" "PostmanRuntime/7.45.0"
2025-08-14T04:03:40.858Z - POST /api/send-policies
::ffff:192.168.11.133 - - [14/Aug/2025:04:03:40 +0000] "POST /api/send-policies HTTP/1.1" 500 35 "-" "PostmanRuntime/7.45.0"
2025-08-14T05:57:39.561Z - POST /api/send-micro-policies
::1 - - [14/Aug/2025:05:57:43 +0000] "POST /api/send-micro-policies HTTP/1.1" 200 67 "-" "PostmanRuntime/7.45.0"
2025-08-14T05:57:51.448Z - POST /api/send-policies
::ffff:192.168.11.133 - - [14/Aug/2025:05:57:52 +0000] "POST /api/send-policies HTTP/1.1" 200 67 "-" "PostmanRuntime/7.45.0"
2025-08-17T04:07:51.438Z - POST /api/send-micro-policies
::1 - - [17/Aug/2025:04:07:54 +0000] "POST /api/send-micro-policies HTTP/1.1" 200 67 "-" "PostmanRuntime/7.45.0"
2025-08-17T04:07:58.097Z - POST /api/send-policies
::ffff:192.168.11.133 - - [17/Aug/2025:04:07:59 +0000] "POST /api/send-policies HTTP/1.1" 200 67 "-" "PostmanRuntime/7.45.0"
2025-08-17T04:40:37.478Z - POST /api/send-micro-policies
::1 - - [17/Aug/2025:04:40:38 +0000] "POST /api/send-micro-policies HTTP/1.1" 200 67 "-" "PostmanRuntime/7.45.0"
2025-08-17T04:40:42.432Z - POST /api/send-policies
::ffff:192.168.11.133 - - [17/Aug/2025:04:40:43 +0000] "POST /api/send-policies HTTP/1.1" 200 67 "-" "PostmanRuntime/7.45.0"
2025-08-18T06:52:15.780Z - POST /api/send-micro-policies
::1 - - [18/Aug/2025:06:52:18 +0000] "POST /api/send-micro-policies HTTP/1.1" 200 195 "-" "PostmanRuntime/7.45.0"
2025-08-18T08:45:18.963Z - POST /api/send-or-data
::1 - - [18/Aug/2025:08:45:18 +0000] "POST /api/send-or-data HTTP/1.1" 404 156 "-" "PostmanRuntime/7.45.0"
2025-08-18T08:45:58.361Z - POST /api/send-or-data
::1 - - [18/Aug/2025:08:45:59 +0000] "POST /api/send-or-data HTTP/1.1" 500 51 "-" "PostmanRuntime/7.45.0"
2025-08-18T08:54:36.191Z - POST /api/send-or-data
::1 - - [18/Aug/2025:08:54:36 +0000] "POST /api/send-or-data HTTP/1.1" 500 51 "-" "PostmanRuntime/7.45.0"
2025-08-18T08:57:38.719Z - POST /api/send-or-data
::1 - - [18/Aug/2025:08:57:40 +0000] "POST /api/send-or-data HTTP/1.1" 500 51 "-" "PostmanRuntime/7.45.0"
2025-08-18T09:00:02.951Z - POST /api/send-or-data
::1 - - [18/Aug/2025:09:00:04 +0000] "POST /api/send-or-data HTTP/1.1" 500 51 "-" "PostmanRuntime/7.45.0"
2025-08-18T09:03:24.879Z - POST /api/send-or-data
::1 - - [18/Aug/2025:09:03:26 +0000] "POST /api/send-or-data HTTP/1.1" 500 51 "-" "PostmanRuntime/7.45.0"
2025-08-18T09:30:17.444Z - POST /api/send-or-data
::1 - - [18/Aug/2025:09:30:18 +0000] "POST /api/send-or-data HTTP/1.1" 500 51 "-" "PostmanRuntime/7.45.0"
2025-08-18T09:30:35.457Z - POST /api/send-or-data
::1 - - [18/Aug/2025:09:30:39 +0000] "POST /api/send-or-data HTTP/1.1" 500 51 "-" "PostmanRuntime/7.45.0"
2025-08-18T09:31:08.304Z - POST /api/send-or-data
